<?xml version="1.0" encoding="UTF-8"?>
<!-- Generated by org.testng.reporters.JUnitReportReporter -->
<testsuite hostname="Latitude" failures="0" tests="1" name="locPages.LoginPage" time="4.475" errors="0" timestamp="2025-04-26T15:30:29 CDT" skipped="0">
  <testcase classname="locPages.LoginPage" name="excuteLoginTest" time="4.475"/>
  <system-out/>
</testsuite> <!-- locPages.LoginPage -->
