<?xml version="1.0" encoding="UTF-8"?>
<!-- Generated by org.testng.reporters.JUnitReportReporter -->
<testsuite hostname="Latitude" failures="0" tests="1" name="testClasses.AddvitTest" time="23.571" errors="0" timestamp="2025-05-06T19:49:54 CDT" skipped="0">
  <testcase classname="testClasses.AddvitTest" name="recordvitals" time="23.571"/>
  <system-out/>
</testsuite> <!-- testClasses.AddvitTest -->
