<?xml version="1.0" encoding="UTF-8"?>
<!-- Generated by org.testng.reporters.JUnitReportReporter -->
<testsuite hostname="Latitude" failures="0" tests="1" name="testClasses.RegisterPatientTest" time="15.499" errors="0" timestamp="2025-05-11T16:18:57 CDT" skipped="0">
  <testcase classname="testClasses.RegisterPatientTest" name="AddPatient" time="15.499"/>
  <system-out>
    <![CDATA[Test case Got passed]]>
  </system-out>
</testsuite> <!-- testClasses.RegisterPatientTest -->
